<?xml version="1.0" encoding="UTF-8"?>
<testng-results ignored="0" total="1" passed="1" failed="0" skipped="0">
  <reporter-output>
  </reporter-output>
  <suite started-at="2024-09-15T20:23:21 IST" name="Suite" finished-at="2024-09-15T20:23:33 IST" duration-ms="11819">
    <groups>
    </groups>
    <test started-at="2024-09-15T20:23:21 IST" name="Test" finished-at="2024-09-15T20:23:33 IST" duration-ms="11819">
      <class name="org.sample.SampleUpload">
        <test-method signature="verifyFacebookTitle()[pri:0, instance:org.sample.SampleUpload@659499f1]" started-at="2024-09-15T20:23:21 IST" name="verifyFacebookTitle" finished-at="2024-09-15T20:23:33 IST" duration-ms="11749" status="PASS">
          <reporter-output>
          </reporter-output>
        </test-method> <!-- verifyFacebookTitle -->
      </class> <!-- org.sample.SampleUpload -->
    </test> <!-- Test -->
  </suite> <!-- Suite -->
</testng-results>
